e:\code\c primer plus\书籍代码\第四章\第四章\x64\debug\vc143.pdb
e:\code\c primer plus\书籍代码\第四章\第四章\x64\debug\vc143.idb
e:\code\c primer plus\书籍代码\第四章\第四章\x64\debug\4.15input.obj
e:\code\c primer plus\书籍代码\第四章\x64\debug\第四章.exe
e:\code\c primer plus\书籍代码\第四章\x64\debug\第四章.pdb
e:\code\c primer plus\书籍代码\第四章\第四章\x64\debug\第四章.ilk
e:\code\c primer plus\书籍代码\第四章\第四章\x64\debug\4.10stringf.obj
e:\code\c primer plus\书籍代码\第四章\第四章\x64\debug\4.11intconv.obj
e:\code\c primer plus\书籍代码\第四章\第四章\x64\debug\4.12floatcnv.obj
e:\code\c primer plus\书籍代码\第四章\第四章\x64\debug\4.13prntval.obj
e:\code\c primer plus\书籍代码\第四章\第四章\x64\debug\4.14longstrg.obj
e:\code\c primer plus\书籍代码\第四章\第四章\x64\debug\4.5defines.obj
e:\code\c primer plus\书籍代码\第四章\第四章\x64\debug\4.6printout.obj
e:\code\c primer plus\书籍代码\第四章\第四章\x64\debug\4.7width.obj
e:\code\c primer plus\书籍代码\第四章\第四章\x64\debug\4.8floats.obj
e:\code\c primer plus\书籍代码\第四章\第四章\x64\debug\4.9flags.obj
e:\code\c primer plus\书籍代码\第四章\第四章\x64\debug\第四章.tlog\cl.command.1.tlog
e:\code\c primer plus\书籍代码\第四章\第四章\x64\debug\第四章.tlog\cl.items.tlog
e:\code\c primer plus\书籍代码\第四章\第四章\x64\debug\第四章.tlog\cl.read.1.tlog
e:\code\c primer plus\书籍代码\第四章\第四章\x64\debug\第四章.tlog\cl.write.1.tlog
e:\code\c primer plus\书籍代码\第四章\第四章\x64\debug\第四章.tlog\link.command.1.tlog
e:\code\c primer plus\书籍代码\第四章\第四章\x64\debug\第四章.tlog\link.read.1.tlog
e:\code\c primer plus\书籍代码\第四章\第四章\x64\debug\第四章.tlog\link.secondary.1.tlog
e:\code\c primer plus\书籍代码\第四章\第四章\x64\debug\第四章.tlog\link.write.1.tlog
