e:\code\c1\c1\x64\debug\vc143.pdb
e:\code\c1\c1\x64\debug\vc143.idb
e:\code\c1\c1\x64\debug\c1.obj
e:\code\c1\c1\x64\debug\hello.obj
e:\code\c1\c1\x64\debug\c1.ilk
e:\code\c1\x64\debug\c1.pdb
e:\code\c1\c1\x64\debug\c1.tlog\cl.command.1.tlog
e:\code\c1\c1\x64\debug\c1.tlog\cl.items.tlog
e:\code\c1\c1\x64\debug\c1.tlog\cl.read.1.tlog
e:\code\c1\c1\x64\debug\c1.tlog\cl.write.1.tlog
e:\code\c1\c1\x64\debug\c1.tlog\link-cvtres.read.1.tlog
e:\code\c1\c1\x64\debug\c1.tlog\link-cvtres.write.1.tlog
e:\code\c1\c1\x64\debug\c1.tlog\link-rc.read.1.tlog
e:\code\c1\c1\x64\debug\c1.tlog\link-rc.write.1.tlog
e:\code\c1\c1\x64\debug\c1.tlog\link.18136-cvtres.read.1.tlog
e:\code\c1\c1\x64\debug\c1.tlog\link.18136-cvtres.write.1.tlog
e:\code\c1\c1\x64\debug\c1.tlog\link.18136-rc.read.1.tlog
e:\code\c1\c1\x64\debug\c1.tlog\link.18136-rc.write.1.tlog
e:\code\c1\c1\x64\debug\c1.tlog\link.18136.read.1.tlog
e:\code\c1\c1\x64\debug\c1.tlog\link.18136.read.2.tlog
e:\code\c1\c1\x64\debug\c1.tlog\link.18136.read.3.tlog
e:\code\c1\c1\x64\debug\c1.tlog\link.18136.read.4.tlog
e:\code\c1\c1\x64\debug\c1.tlog\link.18136.write.1.tlog
e:\code\c1\c1\x64\debug\c1.tlog\link.command.1.tlog
e:\code\c1\c1\x64\debug\c1.tlog\link.read.1.tlog
e:\code\c1\c1\x64\debug\c1.tlog\link.read.2.tlog
e:\code\c1\c1\x64\debug\c1.tlog\link.read.3.tlog
e:\code\c1\c1\x64\debug\c1.tlog\link.read.4.tlog
e:\code\c1\c1\x64\debug\c1.tlog\link.secondary.1.tlog
e:\code\c1\c1\x64\debug\c1.tlog\link.write.1.tlog
